<?xml version="1.0" encoding="UTF-8"?>
<testsuite xmlns:xsi="http://www.w3.org/2001/XMLSchema-instance" xsi:noNamespaceSchemaLocation="https://maven.apache.org/surefire/maven-surefire-plugin/xsd/surefire-test-report.xsd" name="CRM basic functional Testing #1" time="69.104" tests="3" errors="0" skipped="0" failures="0">
  <properties>
[...]
</properties>
  <testcase name="Add new Comany #1" classname="CRM basic functional Testing #1" time="24.286"/>
  <testcase name="Add new Comany #2" classname="CRM basic functional Testing #1" time="22.219"/>
  <testcase name="Add new Comany #3" classname="CRM basic functional Testing #1" time="22.598"/>
</testsuite>